<?xml version="1.0" encoding="UTF-8"?>
<testsuite xmlns:xsi="http://www.w3.org/2001/XMLSchema-instance" xsi:noNamespaceSchemaLocation="https://maven.apache.org/surefire/maven-surefire-plugin/xsd/surefire-test-report-3.0.xsd" version="3.0" name="com.test.openMRS.runners.Runner" time="75.794" tests="17" errors="0" skipped="0" failures="0">
  <properties>
[...]
</properties>
  <testcase name="Two-layer Test Create a Person: create with API validate with UI" classname="Multi-layer Test Create a Person-Patient" time="11.843">
    <system-out><![CDATA[
Scenario: Two-layer Test Create a Person: create with API validate with UI                                                                                                                                                                    &amp#27;[90m# src/test/resources/features/MultiLayer_RegisterPatient.feature:9&amp#27;[0m
  &amp#27;[32mGiven &amp#27;[0m&amp#27;[32mUser has valid API URL to post a person&amp#27;[0m                                                                                                                                                                                               &amp#27;[90m# com.test.openMRS.stepdefinitions.TwoLayerCreatePerson.user_has_valid_api_url_to_post_a_person()&amp#27;[0m
  &amp#27;[32mWhen &amp#27;[0m&amp#27;[32mUser sends POST request to create a person named &amp#27;[0m&amp#27;[32m&amp#27;[1m'Baks'&amp#27;[0m&amp#27;[32m, lastname &amp#27;[0m&amp#27;[32m&amp#27;[1m'Aaabbb'&amp#27;[0m&amp#27;[32m,gender &amp#27;[0m&amp#27;[32m&amp#27;[1m'M'&amp#27;[0m&amp#27;[32m, birthdate &amp#27;[0m&amp#27;[32m&amp#27;[1m'1997-10-02'&amp#27;[0m&amp#27;[32m, address1 &amp#27;[0m&amp#27;[32m&amp#27;[1m'5555 w LLLL'&amp#27;[0m&amp#27;[32m, address2 &amp#27;[0m&amp#27;[32m&amp#27;[1m'APT 207'&amp#27;[0m&amp#27;[32m, cityVillage &amp#27;[0m&amp#27;[32m&amp#27;[1m'Heaven'&amp#27;[0m&amp#27;[32m, stateProvince &amp#27;[0m&amp#27;[32m&amp#27;[1m'IL'&amp#27;[0m&amp#27;[32m, country &amp#27;[0m&amp#27;[32m&amp#27;[1m'USA'&amp#27;[0m&amp#27;[32m, postalCode &amp#27;[0m&amp#27;[32m&amp#27;[1m'60000'&amp#27;[0m &amp#27;[90m# com.test.openMRS.stepdefinitions.TwoLayerCreatePerson.user_sends_post_request_to_create_a_person_named_lastname_gender_birthdate_address1_address2_city_village_state_province_country_postal_code(java.lang.String,java.lang.String,java.lang.String,java.lang.String,java.lang.String,java.lang.String,java.lang.String,java.lang.String,java.lang.String,java.lang.String)&amp#27;[0m
  &amp#27;[32mThen &amp#27;[0m&amp#27;[32mPost person statue code is &amp#27;[0m&amp#27;[32m&amp#27;[1m201&amp#27;[0m                                                                                                                                                                                                         &amp#27;[90m# com.test.openMRS.stepdefinitions.TwoLayerCreatePerson.post_person_statue_code_is(java.lang.Integer)&amp#27;[0m
  &amp#27;[32mAnd &amp#27;[0m&amp#27;[32mUser validates person name, person gender, and person age match with the request body &amp#27;[0m&amp#27;[32m&amp#27;[1m'1997-10-02'&amp#27;[0m                                                                                                                                      &amp#27;[90m# com.test.openMRS.stepdefinitions.TwoLayerCreatePerson.user_validates_person_name_person_gender_and_person_age_match_with_the_request_body(java.lang.String)&amp#27;[0m
  &amp#27;[32mAnd &amp#27;[0m&amp#27;[32mUser navigates to the wabpage and user validates the url&amp#27;[0m                                                                                                                                                                                &amp#27;[90m# com.test.openMRS.stepdefinitions.LoginTest.user_navigates_to_the_wabpage_and_user_validates_the_url()&amp#27;[0m
  &amp#27;[32mWhen &amp#27;[0m&amp#27;[32mUser enters valid username and valid password&amp#27;[0m                                                                                                                                                                                          &amp#27;[90m# com.test.openMRS.stepdefinitions.LoginTest.user_enters_valid_username_and_valid_password()&amp#27;[0m
  &amp#27;[32mAnd &amp#27;[0m&amp#27;[32mUser chooses location &amp#27;[0m&amp#27;[32m&amp#27;[1m'Inpatient Ward'&amp#27;[0m                                                                                                                                                                                                  &amp#27;[90m# com.test.openMRS.stepdefinitions.LoginTest.user_chooses_location(java.lang.String)&amp#27;[0m
  &amp#27;[32mAnd &amp#27;[0m&amp#27;[32mUser clicks the login button&amp#27;[0m                                                                                                                                                                                                            &amp#27;[90m# com.test.openMRS.stepdefinitions.LoginTest.user_clicks_the_login_button()&amp#27;[0m
  &amp#27;[32mWhen &amp#27;[0m&amp#27;[32mUser clicks System Administration button&amp#27;[0m                                                                                                                                                                                               &amp#27;[90m# com.test.openMRS.stepdefinitions.TwoLayerCreatePerson.user_clicks_system_administration_button()&amp#27;[0m
  &amp#27;[32mAnd &amp#27;[0m&amp#27;[32mUser clicks Advanced Administration button&amp#27;[0m                                                                                                                                                                                              &amp#27;[90m# com.test.openMRS.stepdefinitions.TwoLayerCreatePerson.user_clicks_advanced_administration_button()&amp#27;[0m
  &amp#27;[32mAnd &amp#27;[0m&amp#27;[32mUser clicks Manage Persons link&amp#27;[0m                                                                                                                                                                                                         &amp#27;[90m# com.test.openMRS.stepdefinitions.TwoLayerCreatePerson.user_clicks_manage_persons_link()&amp#27;[0m
  &amp#27;[32mAnd &amp#27;[0m&amp#27;[32mUser enters the name &amp#27;[0m&amp#27;[32m&amp#27;[1m'Baks'&amp#27;[0m&amp#27;[32m of the person created with API in the Person Name box&amp#27;[0m                                                                                                                                                       &amp#27;[90m# com.test.openMRS.stepdefinitions.TwoLayerCreatePerson.user_enters_the_name_of_the_person_created_in_api_with_the_person_name_box(java.lang.String)&amp#27;[0m
  &amp#27;[32mThen &amp#27;[0m&amp#27;[32mUser validates address1 &amp#27;[0m&amp#27;[32m&amp#27;[1m'5555 w LLLL'&amp#27;[0m&amp#27;[32m, address2 &amp#27;[0m&amp#27;[32m&amp#27;[1m'APT 207'&amp#27;[0m&amp#27;[32m, city &amp#27;[0m&amp#27;[32m&amp#27;[1m'Heaven'&amp#27;[0m&amp#27;[32m, state &amp#27;[0m&amp#27;[32m&amp#27;[1m'IL'&amp#27;[0m&amp#27;[32m, country &amp#27;[0m&amp#27;[32m&amp#27;[1m'USA'&amp#27;[0m&amp#27;[32m, zip &amp#27;[0m&amp#27;[32m&amp#27;[1m'60000'&amp#27;[0m&amp#27;[32m, and birthdate &amp#27;[0m&amp#27;[32m&amp#27;[1m'1997-10-02'&amp#27;[0m                                                                                           &amp#27;[90m# com.test.openMRS.stepdefinitions.TwoLayerCreatePerson.user_validates_address1_address2_city_state_country_zip_and_birthdate(java.lang.String,java.lang.String,java.lang.String,java.lang.String,java.lang.String,java.lang.String,java.lang.String)&amp#27;[0m
  &amp#27;[32mAnd &amp#27;[0m&amp#27;[32mUser clicks Delete Person Forever two times and ok button one time&amp#27;[0m                                                                                                                                                                      &amp#27;[90m# com.test.openMRS.stepdefinitions.TwoLayerCreatePerson.user_clicks_delete_person_forever_two_times_and_ok_button_one_time()&amp#27;[0m
  &amp#27;[32mAnd &amp#27;[0m&amp#27;[32mUser validates &amp#27;[0m&amp#27;[32m&amp#27;[1m'No matching records found'&amp#27;[0m&amp#27;[32m in the search result&amp#27;[0m                                                                                                                                                                         &amp#27;[90m# com.test.openMRS.stepdefinitions.TwoLayerCreatePerson.user_validates_in_the_search_result(java.lang.String)&amp#27;[0m
  &amp#27;[32mAnd &amp#27;[0m&amp#27;[32mUser clicks logout from the page&amp#27;[0m                                                                                                                                                                                                        &amp#27;[90m# com.test.openMRS.stepdefinitions.TwoLayerCreatePerson.user_clicks_logout_from_the_page()&amp#27;[0m
]]></system-out>
    <system-err><![CDATA[SLF4J: Failed to load class "org.slf4j.impl.StaticLoggerBinder".
SLF4J: Defaulting to no-operation (NOP) logger implementation
SLF4J: See http://www.slf4j.org/codes.html#StaticLoggerBinder for further details.
Starting ChromeDriver 111.0.5563.64 (c710e93d5b63b7095afe8c2c17df34408078439d-refs/branch-heads/5563@{#995}) on port 18365
Only local connections are allowed.
Please see https://chromedriver.chromium.org/security-considerations for suggestions on keeping ChromeDriver safe.
ChromeDriver was started successfully.
Mar 25, 2023 2:32:31 PM org.openqa.selenium.devtools.CdpVersionFinder findNearestMatch
WARNING: Unable to find CDP implementation matching 111
Mar 25, 2023 2:32:31 PM org.openqa.selenium.chromium.ChromiumDriver lambda$new$3
WARNING: Unable to find version of CDP to use for . You may need to include a dependency on a specific version of the CDP using something similar to `org.seleniumhq.selenium:selenium-devtools-v86:4.5.3` where the version ("v86") matches the version of the chromium-based browser you're using and the version number of the artifact is the same as Selenium's.
Mar 25, 2023 2:32:38 PM org.openqa.selenium.remote.http.WebSocket$Listener onError
WARNING: Connection reset
java.net.SocketException: Connection reset
	at java.base/sun.nio.ch.SocketChannelImpl.throwConnectionReset(SocketChannelImpl.java:401)
	at java.base/sun.nio.ch.SocketChannelImpl.read(SocketChannelImpl.java:434)
	at io.netty.buffer.PooledByteBuf.setBytes(PooledByteBuf.java:259)
	at io.netty.buffer.AbstractByteBuf.writeBytes(AbstractByteBuf.java:1132)
	at io.netty.channel.socket.nio.NioSocketChannel.doReadBytes(NioSocketChannel.java:357)
	at io.netty.channel.nio.AbstractNioByteChannel$NioByteUnsafe.read(AbstractNioByteChannel.java:151)
	at io.netty.channel.nio.NioEventLoop.processSelectedKey(NioEventLoop.java:788)
	at io.netty.channel.nio.NioEventLoop.processSelectedKeysOptimized(NioEventLoop.java:724)
	at io.netty.channel.nio.NioEventLoop.processSelectedKeys(NioEventLoop.java:650)
	at io.netty.channel.nio.NioEventLoop.run(NioEventLoop.java:562)
	at io.netty.util.concurrent.SingleThreadEventExecutor$4.run(SingleThreadEventExecutor.java:997)
	at io.netty.util.internal.ThreadExecutorMap$2.run(ThreadExecutorMap.java:74)
	at io.netty.util.concurrent.FastThreadLocalRunnable.run(FastThreadLocalRunnable.java:30)
	at java.base/java.lang.Thread.run(Thread.java:1589)

]]></system-err>
  </testcase>
  <testcase name="Two-layer Test Create a Patient: create with API validate with UI" classname="Multi-layer Test Create a Person-Patient" time="7.334">
    <system-out><![CDATA[
Scenario: Two-layer Test Create a Patient: create with API validate with UI                                                                                                                                                                   &amp#27;[90m# src/test/resources/features/MultiLayer_RegisterPatient.feature:26&amp#27;[0m
  &amp#27;[32mGiven &amp#27;[0m&amp#27;[32mUser has valid API URL to post a person&amp#27;[0m                                                                                                                                                                                               &amp#27;[90m# com.test.openMRS.stepdefinitions.TwoLayerCreatePerson.user_has_valid_api_url_to_post_a_person()&amp#27;[0m
  &amp#27;[32mWhen &amp#27;[0m&amp#27;[32mUser sends POST request to create a person named &amp#27;[0m&amp#27;[32m&amp#27;[1m'Baks'&amp#27;[0m&amp#27;[32m, lastname &amp#27;[0m&amp#27;[32m&amp#27;[1m'Aaabbb'&amp#27;[0m&amp#27;[32m,gender &amp#27;[0m&amp#27;[32m&amp#27;[1m'M'&amp#27;[0m&amp#27;[32m, birthdate &amp#27;[0m&amp#27;[32m&amp#27;[1m'1997-10-02'&amp#27;[0m&amp#27;[32m, address1 &amp#27;[0m&amp#27;[32m&amp#27;[1m'5555 w LLLL'&amp#27;[0m&amp#27;[32m, address2 &amp#27;[0m&amp#27;[32m&amp#27;[1m'APT 207'&amp#27;[0m&amp#27;[32m, cityVillage &amp#27;[0m&amp#27;[32m&amp#27;[1m'Heaven'&amp#27;[0m&amp#27;[32m, stateProvince &amp#27;[0m&amp#27;[32m&amp#27;[1m'IL'&amp#27;[0m&amp#27;[32m, country &amp#27;[0m&amp#27;[32m&amp#27;[1m'USA'&amp#27;[0m&amp#27;[32m, postalCode &amp#27;[0m&amp#27;[32m&amp#27;[1m'60000'&amp#27;[0m &amp#27;[90m# com.test.openMRS.stepdefinitions.TwoLayerCreatePerson.user_sends_post_request_to_create_a_person_named_lastname_gender_birthdate_address1_address2_city_village_state_province_country_postal_code(java.lang.String,java.lang.String,java.lang.String,java.lang.String,java.lang.String,java.lang.String,java.lang.String,java.lang.String,java.lang.String,java.lang.String)&amp#27;[0m
  &amp#27;[32mThen &amp#27;[0m&amp#27;[32mPost person statue code is &amp#27;[0m&amp#27;[32m&amp#27;[1m201&amp#27;[0m                                                                                                                                                                                                         &amp#27;[90m# com.test.openMRS.stepdefinitions.TwoLayerCreatePerson.post_person_statue_code_is(java.lang.Integer)&amp#27;[0m
  &amp#27;[32mAnd &amp#27;[0m&amp#27;[32mUser validates person name, person gender, and person age match with the request body &amp#27;[0m&amp#27;[32m&amp#27;[1m'1997-10-02'&amp#27;[0m                                                                                                                                      &amp#27;[90m# com.test.openMRS.stepdefinitions.TwoLayerCreatePerson.user_validates_person_name_person_gender_and_person_age_match_with_the_request_body(java.lang.String)&amp#27;[0m
  &amp#27;[32mGiven &amp#27;[0m&amp#27;[32mUser has valid API URL to get patient ID&amp#27;[0m                                                                                                                                                                                              &amp#27;[90m# com.test.openMRS.stepdefinitions.TwoLayerCreatePatient_API_UI.user_has_valid_api_url_to_get_patient_id()&amp#27;[0m
  &amp#27;[32mWhen &amp#27;[0m&amp#27;[32mUser sends GET request for patient ID&amp#27;[0m                                                                                                                                                                                                  &amp#27;[90m# com.test.openMRS.stepdefinitions.TwoLayerCreatePatient_API_UI.user_sends_get_request_for_patient_id()&amp#27;[0m
  &amp#27;[32mThen &amp#27;[0m&amp#27;[32mGet patient ID statue code is &amp#27;[0m&amp#27;[32m&amp#27;[1m200&amp#27;[0m                                                                                                                                                                                                      &amp#27;[90m# com.test.openMRS.stepdefinitions.TwoLayerCreatePatient_API_UI.get_patient_id_statue_code_is(java.lang.Integer)&amp#27;[0m
  &amp#27;[32mGiven &amp#27;[0m&amp#27;[32mUser has valid API URL to get patient ID type&amp#27;[0m                                                                                                                                                                                         &amp#27;[90m# com.test.openMRS.stepdefinitions.TwoLayerCreatePatient_API_UI.user_has_valid_api_url_to_get_patient_id_type()&amp#27;[0m
  &amp#27;[32mWhen &amp#27;[0m&amp#27;[32mUser sends GET request for Id type&amp#27;[0m                                                                                                                                                                                                     &amp#27;[90m# com.test.openMRS.stepdefinitions.TwoLayerCreatePatient_API_UI.user_sends_get_request_for_id_type()&amp#27;[0m
  &amp#27;[32mThen &amp#27;[0m&amp#27;[32mGet patient ID type statue code is &amp#27;[0m&amp#27;[32m&amp#27;[1m200&amp#27;[0m                                                                                                                                                                                                 &amp#27;[90m# com.test.openMRS.stepdefinitions.TwoLayerCreatePatient_API_UI.get_patient_id_type_statue_code_is(java.lang.Integer)&amp#27;[0m
  &amp#27;[32mGiven &amp#27;[0m&amp#27;[32mUser has valid API URL to get location ID&amp#27;[0m                                                                                                                                                                                             &amp#27;[90m# com.test.openMRS.stepdefinitions.TwoLayerCreatePatient_API_UI.user_has_valid_api_url_to_get_location_id()&amp#27;[0m
  &amp#27;[32mWhen &amp#27;[0m&amp#27;[32mUser sends GET request for location id&amp#27;[0m                                                                                                                                                                                                 &amp#27;[90m# com.test.openMRS.stepdefinitions.TwoLayerCreatePatient_API_UI.user_sends_get_request_for_location_id()&amp#27;[0m
  &amp#27;[32mThen &amp#27;[0m&amp#27;[32mGet location ID statue code is &amp#27;[0m&amp#27;[32m&amp#27;[1m200&amp#27;[0m                                                                                                                                                                                                     &amp#27;[90m# com.test.openMRS.stepdefinitions.TwoLayerCreatePatient_API_UI.get_location_id_statue_code_is(java.lang.Integer)&amp#27;[0m
  &amp#27;[32mGiven &amp#27;[0m&amp#27;[32mUser has valid API URL to post a patient&amp#27;[0m                                                                                                                                                                                              &amp#27;[90m# com.test.openMRS.stepdefinitions.TwoLayerCreatePatient_API_UI.user_has_valid_api_url_to_post_a_patient()&amp#27;[0m
  &amp#27;[32mWhen &amp#27;[0m&amp#27;[32mUser sends post request to create a patient with the responses information&amp#27;[0m                                                                                                                                                             &amp#27;[90m# com.test.openMRS.stepdefinitions.TwoLayerCreatePatient_API_UI.user_sends_post_request_to_create_a_patient_with_the_responses_information()&amp#27;[0m
  &amp#27;[32mAnd &amp#27;[0m&amp#27;[32mUser navigates to the wabpage and user validates the url&amp#27;[0m                                                                                                                                                                                &amp#27;[90m# com.test.openMRS.stepdefinitions.LoginTest.user_navigates_to_the_wabpage_and_user_validates_the_url()&amp#27;[0m
  &amp#27;[32mWhen &amp#27;[0m&amp#27;[32mUser enters valid username and valid password&amp#27;[0m                                                                                                                                                                                          &amp#27;[90m# com.test.openMRS.stepdefinitions.LoginTest.user_enters_valid_username_and_valid_password()&amp#27;[0m
  &amp#27;[32mAnd &amp#27;[0m&amp#27;[32mUser chooses location &amp#27;[0m&amp#27;[32m&amp#27;[1m'Inpatient Ward'&amp#27;[0m                                                                                                                                                                                                  &amp#27;[90m# com.test.openMRS.stepdefinitions.LoginTest.user_chooses_location(java.lang.String)&amp#27;[0m
  &amp#27;[32mAnd &amp#27;[0m&amp#27;[32mUser clicks the login button&amp#27;[0m                                                                                                                                                                                                            &amp#27;[90m# com.test.openMRS.stepdefinitions.LoginTest.user_clicks_the_login_button()&amp#27;[0m
  &amp#27;[32mAnd &amp#27;[0m&amp#27;[32mUser clicks Find Patient Record&amp#27;[0m                                                                                                                                                                                                         &amp#27;[90m# com.test.openMRS.stepdefinitions.TwoLayerCreatePatient_API_UI.user_clicks_find_patient_record()&amp#27;[0m
  &amp#27;[32mThen &amp#27;[0m&amp#27;[32mUser enters the name &amp#27;[0m&amp#27;[32m&amp#27;[1m'Baks'&amp#27;[0m&amp#27;[32m posted in API call and validates that it is displayed&amp#27;[0m                                                                                                                                                      &amp#27;[90m# com.test.openMRS.stepdefinitions.TwoLayerCreatePatient_API_UI.user_enters_the_name_posted_in_api_call_and_validates_that_it_is_displayed(java.lang.String)&amp#27;[0m
  &amp#27;[32mAnd &amp#27;[0m&amp#27;[32mUser clicks on the name on the first row and clicks delete, enters the reason &amp#27;[0m&amp#27;[32m&amp#27;[1m'test'&amp#27;[0m&amp#27;[32m, and clicks confirm&amp#27;[0m                                                                                                                                &amp#27;[90m# com.test.openMRS.stepdefinitions.TwoLayerCreatePatient_API_UI.user_clicks_on_the_name_on_the_first_row_and_clicks_delete_enters_the_reason_and_clicks_confirm(java.lang.String)&amp#27;[0m
  &amp#27;[32mAnd &amp#27;[0m&amp#27;[32mUser clicks logout&amp#27;[0m                                                                                                                                                                                                                      &amp#27;[90m# com.test.openMRS.stepdefinitions.LoginTest.user_clicks_logout()&amp#27;[0m
]]></system-out>
    <system-err><![CDATA[Starting ChromeDriver 111.0.5563.64 (c710e93d5b63b7095afe8c2c17df34408078439d-refs/branch-heads/5563@{#995}) on port 28001
Only local connections are allowed.
Please see https://chromedriver.chromium.org/security-considerations for suggestions on keeping ChromeDriver safe.
ChromeDriver was started successfully.
Mar 25, 2023 2:32:39 PM org.openqa.selenium.devtools.CdpVersionFinder findNearestMatch
WARNING: Unable to find CDP implementation matching 111
Mar 25, 2023 2:32:39 PM org.openqa.selenium.chromium.ChromiumDriver lambda$new$3
WARNING: Unable to find version of CDP to use for . You may need to include a dependency on a specific version of the CDP using something similar to `org.seleniumhq.selenium:selenium-devtools-v86:4.5.3` where the version ("v86") matches the version of the chromium-based browser you're using and the version number of the artifact is the same as Selenium's.
]]></system-err>
  </testcase>
  <testcase name="Three-layer Test Create a Person: create with API validate with UI and database" classname="Multi-layer Test Create a Person-Patient" time="8.228">
    <system-out><![CDATA[
Scenario: Three-layer Test Create a Person: create with API validate with UI and database                                                                                                                                                     &amp#27;[90m# src/test/resources/features/MultiLayer_RegisterPatient.feature:54&amp#27;[0m
  &amp#27;[32mGiven &amp#27;[0m&amp#27;[32mUser has valid API URL to post a person&amp#27;[0m                                                                                                                                                                                               &amp#27;[90m# com.test.openMRS.stepdefinitions.TwoLayerCreatePerson.user_has_valid_api_url_to_post_a_person()&amp#27;[0m
  &amp#27;[32mWhen &amp#27;[0m&amp#27;[32mUser sends POST request to create a person named &amp#27;[0m&amp#27;[32m&amp#27;[1m'Baks'&amp#27;[0m&amp#27;[32m, lastname &amp#27;[0m&amp#27;[32m&amp#27;[1m'Aaabbb'&amp#27;[0m&amp#27;[32m,gender &amp#27;[0m&amp#27;[32m&amp#27;[1m'M'&amp#27;[0m&amp#27;[32m, birthdate &amp#27;[0m&amp#27;[32m&amp#27;[1m'1997-10-02'&amp#27;[0m&amp#27;[32m, address1 &amp#27;[0m&amp#27;[32m&amp#27;[1m'5555 w LLLL'&amp#27;[0m&amp#27;[32m, address2 &amp#27;[0m&amp#27;[32m&amp#27;[1m'APT 207'&amp#27;[0m&amp#27;[32m, cityVillage &amp#27;[0m&amp#27;[32m&amp#27;[1m'Heaven'&amp#27;[0m&amp#27;[32m, stateProvince &amp#27;[0m&amp#27;[32m&amp#27;[1m'IL'&amp#27;[0m&amp#27;[32m, country &amp#27;[0m&amp#27;[32m&amp#27;[1m'USA'&amp#27;[0m&amp#27;[32m, postalCode &amp#27;[0m&amp#27;[32m&amp#27;[1m'60000'&amp#27;[0m &amp#27;[90m# com.test.openMRS.stepdefinitions.TwoLayerCreatePerson.user_sends_post_request_to_create_a_person_named_lastname_gender_birthdate_address1_address2_city_village_state_province_country_postal_code(java.lang.String,java.lang.String,java.lang.String,java.lang.String,java.lang.String,java.lang.String,java.lang.String,java.lang.String,java.lang.String,java.lang.String)&amp#27;[0m
  &amp#27;[32mThen &amp#27;[0m&amp#27;[32mPost person statue code is &amp#27;[0m&amp#27;[32m&amp#27;[1m201&amp#27;[0m                                                                                                                                                                                                         &amp#27;[90m# com.test.openMRS.stepdefinitions.TwoLayerCreatePerson.post_person_statue_code_is(java.lang.Integer)&amp#27;[0m
  &amp#27;[32mAnd &amp#27;[0m&amp#27;[32mUser validates person name, person gender, and person age match with the request body &amp#27;[0m&amp#27;[32m&amp#27;[1m'1997-10-02'&amp#27;[0m                                                                                                                                      &amp#27;[90m# com.test.openMRS.stepdefinitions.TwoLayerCreatePerson.user_validates_person_name_person_gender_and_person_age_match_with_the_request_body(java.lang.String)&amp#27;[0m
  &amp#27;[32mAnd &amp#27;[0m&amp#27;[32mUser navigates to the wabpage and user validates the url&amp#27;[0m                                                                                                                                                                                &amp#27;[90m# com.test.openMRS.stepdefinitions.LoginTest.user_navigates_to_the_wabpage_and_user_validates_the_url()&amp#27;[0m
  &amp#27;[32mWhen &amp#27;[0m&amp#27;[32mUser enters valid username and valid password&amp#27;[0m                                                                                                                                                                                          &amp#27;[90m# com.test.openMRS.stepdefinitions.LoginTest.user_enters_valid_username_and_valid_password()&amp#27;[0m
  &amp#27;[32mAnd &amp#27;[0m&amp#27;[32mUser chooses location &amp#27;[0m&amp#27;[32m&amp#27;[1m'Inpatient Ward'&amp#27;[0m                                                                                                                                                                                                  &amp#27;[90m# com.test.openMRS.stepdefinitions.LoginTest.user_chooses_location(java.lang.String)&amp#27;[0m
  &amp#27;[32mAnd &amp#27;[0m&amp#27;[32mUser clicks the login button&amp#27;[0m                                                                                                                                                                                                            &amp#27;[90m# com.test.openMRS.stepdefinitions.LoginTest.user_clicks_the_login_button()&amp#27;[0m
  &amp#27;[32mWhen &amp#27;[0m&amp#27;[32mUser clicks System Administration button&amp#27;[0m                                                                                                                                                                                               &amp#27;[90m# com.test.openMRS.stepdefinitions.TwoLayerCreatePerson.user_clicks_system_administration_button()&amp#27;[0m
  &amp#27;[32mAnd &amp#27;[0m&amp#27;[32mUser clicks Advanced Administration button&amp#27;[0m                                                                                                                                                                                              &amp#27;[90m# com.test.openMRS.stepdefinitions.TwoLayerCreatePerson.user_clicks_advanced_administration_button()&amp#27;[0m
  &amp#27;[32mAnd &amp#27;[0m&amp#27;[32mUser clicks Manage Persons link&amp#27;[0m                                                                                                                                                                                                         &amp#27;[90m# com.test.openMRS.stepdefinitions.TwoLayerCreatePerson.user_clicks_manage_persons_link()&amp#27;[0m
  &amp#27;[32mAnd &amp#27;[0m&amp#27;[32mUser enters the name &amp#27;[0m&amp#27;[32m&amp#27;[1m'Baks'&amp#27;[0m&amp#27;[32m of the person created with API in the Person Name box&amp#27;[0m                                                                                                                                                       &amp#27;[90m# com.test.openMRS.stepdefinitions.TwoLayerCreatePerson.user_enters_the_name_of_the_person_created_in_api_with_the_person_name_box(java.lang.String)&amp#27;[0m
  &amp#27;[32mThen &amp#27;[0m&amp#27;[32mUser validates address1 &amp#27;[0m&amp#27;[32m&amp#27;[1m'5555 w LLLL'&amp#27;[0m&amp#27;[32m, address2 &amp#27;[0m&amp#27;[32m&amp#27;[1m'APT 207'&amp#27;[0m&amp#27;[32m, city &amp#27;[0m&amp#27;[32m&amp#27;[1m'Heaven'&amp#27;[0m&amp#27;[32m, state &amp#27;[0m&amp#27;[32m&amp#27;[1m'IL'&amp#27;[0m&amp#27;[32m, country &amp#27;[0m&amp#27;[32m&amp#27;[1m'USA'&amp#27;[0m&amp#27;[32m, zip &amp#27;[0m&amp#27;[32m&amp#27;[1m'60000'&amp#27;[0m&amp#27;[32m, and birthdate &amp#27;[0m&amp#27;[32m&amp#27;[1m'1997-10-02'&amp#27;[0m                                                                                           &amp#27;[90m# com.test.openMRS.stepdefinitions.TwoLayerCreatePerson.user_validates_address1_address2_city_state_country_zip_and_birthdate(java.lang.String,java.lang.String,java.lang.String,java.lang.String,java.lang.String,java.lang.String,java.lang.String)&amp#27;[0m
  &amp#27;[32mAnd &amp#27;[0m&amp#27;[32mUser clicks logout from the page&amp#27;[0m                                                                                                                                                                                                        &amp#27;[90m# com.test.openMRS.stepdefinitions.TwoLayerCreatePerson.user_clicks_logout_from_the_page()&amp#27;[0m
  &amp#27;[32mThen &amp#27;[0m&amp#27;[32mUser enters the uuid given from the API response and validates the uuid from API matches the uuid in the database&amp#27;[0m                                                                                                                      &amp#27;[90m# com.test.openMRS.stepdefinitions.ThreeLayerCreatePerson.user_enters_the_uuid_given_from_the_api_response_and_validates_the_uuid_from_api_matches_the_uuid_in_the_database()&amp#27;[0m
  &amp#27;[32mAnd &amp#27;[0m&amp#27;[32muser delete the person and validates the person uuid is null and close the database connection&amp#27;[0m                                                                                                                                          &amp#27;[90m# com.test.openMRS.stepdefinitions.ThreeLayerCreatePerson.user_delete_the_person_and_validates_the_person_uuid_is_null_and_close_the_database_connection()&amp#27;[0m
]]></system-out>
    <system-err><![CDATA[Starting ChromeDriver 111.0.5563.64 (c710e93d5b63b7095afe8c2c17df34408078439d-refs/branch-heads/5563@{#995}) on port 5714
Only local connections are allowed.
Please see https://chromedriver.chromium.org/security-considerations for suggestions on keeping ChromeDriver safe.
ChromeDriver was started successfully.
Mar 25, 2023 2:32:47 PM org.openqa.selenium.devtools.CdpVersionFinder findNearestMatch
WARNING: Unable to find CDP implementation matching 111
Mar 25, 2023 2:32:47 PM org.openqa.selenium.chromium.ChromiumDriver lambda$new$3
WARNING: Unable to find version of CDP to use for . You may need to include a dependency on a specific version of the CDP using something similar to `org.seleniumhq.selenium:selenium-devtools-v86:4.5.3` where the version ("v86") matches the version of the chromium-based browser you're using and the version number of the artifact is the same as Selenium's.
]]></system-err>
  </testcase>
  <testcase name="Two-layer Test Create a Patient: create with API validate database" classname="Multi-layer Test Create a Person-Patient" time="5.704">
    <system-out><![CDATA[
Scenario: Two-layer Test Create a Patient: create with API validate database                                                                                                                                                                  &amp#27;[90m# src/test/resources/features/MultiLayer_RegisterPatient.feature:72&amp#27;[0m
  &amp#27;[32mGiven &amp#27;[0m&amp#27;[32mUser has valid API URL to post a person&amp#27;[0m                                                                                                                                                                                               &amp#27;[90m# com.test.openMRS.stepdefinitions.TwoLayerCreatePerson.user_has_valid_api_url_to_post_a_person()&amp#27;[0m
  &amp#27;[32mWhen &amp#27;[0m&amp#27;[32mUser sends POST request to create a person named &amp#27;[0m&amp#27;[32m&amp#27;[1m'Baks'&amp#27;[0m&amp#27;[32m, lastname &amp#27;[0m&amp#27;[32m&amp#27;[1m'Aaabbb'&amp#27;[0m&amp#27;[32m,gender &amp#27;[0m&amp#27;[32m&amp#27;[1m'M'&amp#27;[0m&amp#27;[32m, birthdate &amp#27;[0m&amp#27;[32m&amp#27;[1m'1997-10-02'&amp#27;[0m&amp#27;[32m, address1 &amp#27;[0m&amp#27;[32m&amp#27;[1m'5555 w LLLL'&amp#27;[0m&amp#27;[32m, address2 &amp#27;[0m&amp#27;[32m&amp#27;[1m'APT 207'&amp#27;[0m&amp#27;[32m, cityVillage &amp#27;[0m&amp#27;[32m&amp#27;[1m'Heaven'&amp#27;[0m&amp#27;[32m, stateProvince &amp#27;[0m&amp#27;[32m&amp#27;[1m'IL'&amp#27;[0m&amp#27;[32m, country &amp#27;[0m&amp#27;[32m&amp#27;[1m'USA'&amp#27;[0m&amp#27;[32m, postalCode &amp#27;[0m&amp#27;[32m&amp#27;[1m'60000'&amp#27;[0m &amp#27;[90m# com.test.openMRS.stepdefinitions.TwoLayerCreatePerson.user_sends_post_request_to_create_a_person_named_lastname_gender_birthdate_address1_address2_city_village_state_province_country_postal_code(java.lang.String,java.lang.String,java.lang.String,java.lang.String,java.lang.String,java.lang.String,java.lang.String,java.lang.String,java.lang.String,java.lang.String)&amp#27;[0m
  &amp#27;[32mThen &amp#27;[0m&amp#27;[32mPost person statue code is &amp#27;[0m&amp#27;[32m&amp#27;[1m201&amp#27;[0m                                                                                                                                                                                                         &amp#27;[90m# com.test.openMRS.stepdefinitions.TwoLayerCreatePerson.post_person_statue_code_is(java.lang.Integer)&amp#27;[0m
  &amp#27;[32mAnd &amp#27;[0m&amp#27;[32mUser validates person name, person gender, and person age match with the request body &amp#27;[0m&amp#27;[32m&amp#27;[1m'1997-10-02'&amp#27;[0m                                                                                                                                      &amp#27;[90m# com.test.openMRS.stepdefinitions.TwoLayerCreatePerson.user_validates_person_name_person_gender_and_person_age_match_with_the_request_body(java.lang.String)&amp#27;[0m
  &amp#27;[32mGiven &amp#27;[0m&amp#27;[32mUser has valid API URL to get patient ID&amp#27;[0m                                                                                                                                                                                              &amp#27;[90m# com.test.openMRS.stepdefinitions.TwoLayerCreatePatient_API_UI.user_has_valid_api_url_to_get_patient_id()&amp#27;[0m
  &amp#27;[32mWhen &amp#27;[0m&amp#27;[32mUser sends GET request for patient ID&amp#27;[0m                                                                                                                                                                                                  &amp#27;[90m# com.test.openMRS.stepdefinitions.TwoLayerCreatePatient_API_UI.user_sends_get_request_for_patient_id()&amp#27;[0m
  &amp#27;[32mThen &amp#27;[0m&amp#27;[32mGet patient ID statue code is &amp#27;[0m&amp#27;[32m&amp#27;[1m200&amp#27;[0m                                                                                                                                                                                                      &amp#27;[90m# com.test.openMRS.stepdefinitions.TwoLayerCreatePatient_API_UI.get_patient_id_statue_code_is(java.lang.Integer)&amp#27;[0m
  &amp#27;[32mGiven &amp#27;[0m&amp#27;[32mUser has valid API URL to get patient ID type&amp#27;[0m                                                                                                                                                                                         &amp#27;[90m# com.test.openMRS.stepdefinitions.TwoLayerCreatePatient_API_UI.user_has_valid_api_url_to_get_patient_id_type()&amp#27;[0m
  &amp#27;[32mWhen &amp#27;[0m&amp#27;[32mUser sends GET request for Id type&amp#27;[0m                                                                                                                                                                                                     &amp#27;[90m# com.test.openMRS.stepdefinitions.TwoLayerCreatePatient_API_UI.user_sends_get_request_for_id_type()&amp#27;[0m
  &amp#27;[32mThen &amp#27;[0m&amp#27;[32mGet patient ID type statue code is &amp#27;[0m&amp#27;[32m&amp#27;[1m200&amp#27;[0m                                                                                                                                                                                                 &amp#27;[90m# com.test.openMRS.stepdefinitions.TwoLayerCreatePatient_API_UI.get_patient_id_type_statue_code_is(java.lang.Integer)&amp#27;[0m
  &amp#27;[32mGiven &amp#27;[0m&amp#27;[32mUser has valid API URL to get location ID&amp#27;[0m                                                                                                                                                                                             &amp#27;[90m# com.test.openMRS.stepdefinitions.TwoLayerCreatePatient_API_UI.user_has_valid_api_url_to_get_location_id()&amp#27;[0m
  &amp#27;[32mWhen &amp#27;[0m&amp#27;[32mUser sends GET request for location id&amp#27;[0m                                                                                                                                                                                                 &amp#27;[90m# com.test.openMRS.stepdefinitions.TwoLayerCreatePatient_API_UI.user_sends_get_request_for_location_id()&amp#27;[0m
  &amp#27;[32mThen &amp#27;[0m&amp#27;[32mGet location ID statue code is &amp#27;[0m&amp#27;[32m&amp#27;[1m200&amp#27;[0m                                                                                                                                                                                                     &amp#27;[90m# com.test.openMRS.stepdefinitions.TwoLayerCreatePatient_API_UI.get_location_id_statue_code_is(java.lang.Integer)&amp#27;[0m
  &amp#27;[32mGiven &amp#27;[0m&amp#27;[32mUser has valid API URL to post a patient&amp#27;[0m                                                                                                                                                                                              &amp#27;[90m# com.test.openMRS.stepdefinitions.TwoLayerCreatePatient_API_UI.user_has_valid_api_url_to_post_a_patient()&amp#27;[0m
  &amp#27;[32mWhen &amp#27;[0m&amp#27;[32mUser sends post request to create a patient with the responses information&amp#27;[0m                                                                                                                                                             &amp#27;[90m# com.test.openMRS.stepdefinitions.TwoLayerCreatePatient_API_UI.user_sends_post_request_to_create_a_patient_with_the_responses_information()&amp#27;[0m
  &amp#27;[32mThen &amp#27;[0m&amp#27;[32mUser validates that the API patient uuid matches database patient uuid&amp#27;[0m                                                                                                                                                                 &amp#27;[90m# com.test.openMRS.stepdefinitions.TwoLayerCreatePatient_API_Database.user_validates_that_the_api_patient_uuid_matches_database_patient_uuid()&amp#27;[0m
  &amp#27;[32mAnd &amp#27;[0m&amp#27;[32mUser deletes patient uuid in database and validates that it is null&amp#27;[0m                                                                                                                                                                     &amp#27;[90m# com.test.openMRS.stepdefinitions.TwoLayerCreatePatient_API_Database.user_deletes_patient_uuid_in_database_and_validates_that_it_is_null()&amp#27;[0m
  &amp#27;[32mAnd &amp#27;[0m&amp#27;[32muser delete the person and validates the person uuid is null and close the database connection&amp#27;[0m                                                                                                                                          &amp#27;[90m# com.test.openMRS.stepdefinitions.ThreeLayerCreatePerson.user_delete_the_person_and_validates_the_person_uuid_is_null_and_close_the_database_connection()&amp#27;[0m
]]></system-out>
    <system-err><![CDATA[Starting ChromeDriver 111.0.5563.64 (c710e93d5b63b7095afe8c2c17df34408078439d-refs/branch-heads/5563@{#995}) on port 11526
Only local connections are allowed.
Please see https://chromedriver.chromium.org/security-considerations for suggestions on keeping ChromeDriver safe.
ChromeDriver was started successfully.
Mar 25, 2023 2:32:55 PM org.openqa.selenium.devtools.CdpVersionFinder findNearestMatch
WARNING: Unable to find CDP implementation matching 111
Mar 25, 2023 2:32:55 PM org.openqa.selenium.chromium.ChromiumDriver lambda$new$3
WARNING: Unable to find version of CDP to use for . You may need to include a dependency on a specific version of the CDP using something similar to `org.seleniumhq.selenium:selenium-devtools-v86:4.5.3` where the version ("v86") matches the version of the chromium-based browser you're using and the version number of the artifact is the same as Selenium's.
]]></system-err>
  </testcase>
  <testcase name="UI register patient and Database delete" classname="Two-layer User can register a patient" time="10.236">
    <system-out><![CDATA[
Scenario: UI register patient and Database delete                                             &amp#27;[90m# src/test/resources/features/UI_Database_RegisterPatient.feature:2&amp#27;[0m
  &amp#27;[32mGiven &amp#27;[0m&amp#27;[32mUser navigates to the wabpage and user validates the url&amp#27;[0m                              &amp#27;[90m# com.test.openMRS.stepdefinitions.LoginTest.user_navigates_to_the_wabpage_and_user_validates_the_url()&amp#27;[0m
  &amp#27;[32mWhen &amp#27;[0m&amp#27;[32mUser enters valid username and valid password&amp#27;[0m                                          &amp#27;[90m# com.test.openMRS.stepdefinitions.LoginTest.user_enters_valid_username_and_valid_password()&amp#27;[0m
  &amp#27;[32mAnd &amp#27;[0m&amp#27;[32mUser chooses location &amp#27;[0m&amp#27;[32m&amp#27;[1m'Inpatient Ward'&amp#27;[0m                                                  &amp#27;[90m# com.test.openMRS.stepdefinitions.LoginTest.user_chooses_location(java.lang.String)&amp#27;[0m
  &amp#27;[32mAnd &amp#27;[0m&amp#27;[32mUser clicks the login button&amp#27;[0m                                                            &amp#27;[90m# com.test.openMRS.stepdefinitions.LoginTest.user_clicks_the_login_button()&amp#27;[0m
  &amp#27;[32mThen &amp#27;[0m&amp#27;[32mUser validates the header contains text &amp#27;[0m&amp#27;[32m&amp#27;[1m'admin'&amp#27;[0m                                        &amp#27;[90m# com.test.openMRS.stepdefinitions.LoginTest.user_validates_the_header_contains_text(java.lang.String)&amp#27;[0m
  &amp#27;[32mAnd &amp#27;[0m&amp#27;[32mUser validates the header contains word &amp#27;[0m&amp#27;[32m&amp#27;[1m'Inpatient Ward'&amp#27;[0m                                &amp#27;[90m# com.test.openMRS.stepdefinitions.LoginTest.user_validates_the_header_contains_word(java.lang.String)&amp#27;[0m
  &amp#27;[32mWhen &amp#27;[0m&amp#27;[32mUser clicks Register a Patient and validates header contains text &amp#27;[0m&amp#27;[32m&amp#27;[1m'Register a patient'&amp#27;[0m &amp#27;[90m# com.test.openMRS.stepdefinitions.RegisterAPatient.user_clicks_register_a_patient_and_validates_header_contains_text(java.lang.String)&amp#27;[0m
  &amp#27;[32mAnd &amp#27;[0m&amp#27;[32mUser enters name &amp#27;[0m&amp#27;[32m&amp#27;[1m'bobobo'&amp#27;[0m&amp#27;[32m and last name &amp#27;[0m&amp#27;[32m&amp#27;[1m'bebebe'&amp#27;[0m                                        &amp#27;[90m# com.test.openMRS.stepdefinitions.RegisterAPatient.user_enters_name_and_last_name(java.lang.String,java.lang.String)&amp#27;[0m
  &amp#27;[32mAnd &amp#27;[0m&amp#27;[32mUser enters the gender&amp#27;[0m                                                                  &amp#27;[90m# com.test.openMRS.stepdefinitions.RegisterAPatient.user_enters_the_gender()&amp#27;[0m
  &amp#27;[32mAnd &amp#27;[0m&amp#27;[32mUser enters birthdate &amp#27;[0m&amp#27;[32m&amp#27;[1m1&amp#27;[0m&amp#27;[32m, &amp#27;[0m&amp#27;[32m&amp#27;[1m'January'&amp#27;[0m&amp#27;[32m, &amp#27;[0m&amp#27;[32m&amp#27;[1m2000&amp#27;[0m                                                &amp#27;[90m# com.test.openMRS.stepdefinitions.RegisterAPatient.user_enters_birthdate(java.lang.Integer,java.lang.String,java.lang.Integer)&amp#27;[0m
  &amp#27;[32mAnd &amp#27;[0m&amp#27;[32mUser enters address &amp#27;[0m&amp#27;[32m&amp#27;[1m2222&amp#27;[0m&amp#27;[32m &amp#27;[0m&amp#27;[32m&amp#27;[1m'Chicago AVE'&amp#27;[0m&amp#27;[32m, &amp#27;[0m&amp#27;[32m&amp#27;[1m'Chicago'&amp#27;[0m&amp#27;[32m, &amp#27;[0m&amp#27;[32m&amp#27;[1m'IL'&amp#27;[0m&amp#27;[32m, &amp#27;[0m&amp#27;[32m&amp#27;[1m'USA'&amp#27;[0m&amp#27;[32m,&amp#27;[0m&amp#27;[32m&amp#27;[1m60000&amp#27;[0m                    &amp#27;[90m# com.test.openMRS.stepdefinitions.RegisterAPatient.user_enters_address(java.lang.Integer,java.lang.String,java.lang.String,java.lang.String,java.lang.String,java.lang.Integer)&amp#27;[0m
  &amp#27;[32mAnd &amp#27;[0m&amp#27;[32mUser enters phone number &amp#27;[0m&amp#27;[32m&amp#27;[1m'7777777777'&amp#27;[0m&amp#27;[32m and click confirm two times&amp#27;[0m                       &amp#27;[90m# com.test.openMRS.stepdefinitions.RegisterAPatient.user_enters_phone_number_and_click_confirm_two_times(java.lang.String)&amp#27;[0m
  &amp#27;[32mThen &amp#27;[0m&amp#27;[32mUser validate the title &amp#27;[0m&amp#27;[32m&amp#27;[1m'OpenMRS Electronic Medical Record'&amp#27;[0m                            &amp#27;[90m# com.test.openMRS.stepdefinitions.RegisterAPatient.user_validate_the_title(java.lang.String)&amp#27;[0m
  &amp#27;[32mAnd &amp#27;[0m&amp#27;[32mUser clicks home button and clicks Find Patient Record&amp#27;[0m                                  &amp#27;[90m# com.test.openMRS.stepdefinitions.RegisterAPatient.user_clicks_home_button_and_clicks_find_patient_record()&amp#27;[0m
  &amp#27;[32mAnd &amp#27;[0m&amp#27;[32mUser validates the generated userID is displayed&amp#27;[0m                                        &amp#27;[90m# com.test.openMRS.stepdefinitions.RegisterAPatient.user_validates_the_generated_user_id_is_displayed()&amp#27;[0m
  &amp#27;[32mAnd &amp#27;[0m&amp#27;[32mUser validates that the patient ID in UI matches patient ID in database&amp#27;[0m                 &amp#27;[90m# com.test.openMRS.stepdefinitions.TwoLayerCreatePatient_UI_Database_UI.user_validates_that_the_patient_id_in_ui_matches_patient_id_in_database()&amp#27;[0m
  &amp#27;[32mAnd &amp#27;[0m&amp#27;[32mUser deletes patient ID in database and close database connection&amp#27;[0m                       &amp#27;[90m# com.test.openMRS.stepdefinitions.TwoLayerCreatePatient_UI_Database_UI.user_deletes_patient_id_in_database_and_close_database_connection()&amp#27;[0m
  &amp#27;[32mAnd &amp#27;[0m&amp#27;[32mUser refreshes the UI page and search for the patient using patient ID&amp#27;[0m                  &amp#27;[90m# com.test.openMRS.stepdefinitions.TwoLayerCreatePatient_UI_Database_UI.user_refreshes_the_ui_page_and_search_for_the_patient_using_patient_id()&amp#27;[0m
  &amp#27;[32mAnd &amp#27;[0m&amp#27;[32mUser validate message &amp#27;[0m&amp#27;[32m&amp#27;[1m'No Data Available'&amp#27;[0m                                               &amp#27;[90m# com.test.openMRS.stepdefinitions.TwoLayerCreatePatient_UI_Database_UI.user_validate_message(java.lang.String)&amp#27;[0m
]]></system-out>
    <system-err><![CDATA[Starting ChromeDriver 111.0.5563.64 (c710e93d5b63b7095afe8c2c17df34408078439d-refs/branch-heads/5563@{#995}) on port 24211
Only local connections are allowed.
Please see https://chromedriver.chromium.org/security-considerations for suggestions on keeping ChromeDriver safe.
ChromeDriver was started successfully.
Mar 25, 2023 2:33:01 PM org.openqa.selenium.devtools.CdpVersionFinder findNearestMatch
WARNING: Unable to find CDP implementation matching 111
Mar 25, 2023 2:33:01 PM org.openqa.selenium.chromium.ChromiumDriver lambda$new$3
WARNING: Unable to find version of CDP to use for . You may need to include a dependency on a specific version of the CDP using something similar to `org.seleniumhq.selenium:selenium-devtools-v86:4.5.3` where the version ("v86") matches the version of the chromium-based browser you're using and the version number of the artifact is the same as Selenium's.
]]></system-err>
  </testcase>
  <testcase name="Happy Path Login #1" classname="As an admin, user should be able to login and logout" time="3.46">
    <system-out><![CDATA[
Scenario Outline: Happy Path Login                             &amp#27;[90m# src/test/resources/features/UI_LoginLogout.feature:13&amp#27;[0m
  &amp#27;[32mWhen &amp#27;[0m&amp#27;[32mUser enters valid username and valid password&amp#27;[0m           &amp#27;[90m# com.test.openMRS.stepdefinitions.LoginTest.user_enters_valid_username_and_valid_password()&amp#27;[0m
  &amp#27;[32mAnd &amp#27;[0m&amp#27;[32mUser chooses location &amp#27;[0m&amp#27;[32m&amp#27;[1m'Inpatient Ward'&amp#27;[0m                   &amp#27;[90m# com.test.openMRS.stepdefinitions.LoginTest.user_chooses_location(java.lang.String)&amp#27;[0m
  &amp#27;[32mAnd &amp#27;[0m&amp#27;[32mUser clicks the login button&amp#27;[0m                             &amp#27;[90m# com.test.openMRS.stepdefinitions.LoginTest.user_clicks_the_login_button()&amp#27;[0m
  &amp#27;[32mThen &amp#27;[0m&amp#27;[32mUser validates the header contains text &amp#27;[0m&amp#27;[32m&amp#27;[1m'admin'&amp#27;[0m         &amp#27;[90m# com.test.openMRS.stepdefinitions.LoginTest.user_validates_the_header_contains_text(java.lang.String)&amp#27;[0m
  &amp#27;[32mAnd &amp#27;[0m&amp#27;[32mUser validates the header contains text &amp#27;[0m&amp#27;[32m&amp#27;[1m'Inpatient Ward'&amp#27;[0m &amp#27;[90m# com.test.openMRS.stepdefinitions.LoginTest.user_validates_the_header_contains_text(java.lang.String)&amp#27;[0m
  &amp#27;[32mAnd &amp#27;[0m&amp#27;[32mUser clicks logout&amp#27;[0m                                       &amp#27;[90m# com.test.openMRS.stepdefinitions.LoginTest.user_clicks_logout()&amp#27;[0m
]]></system-out>
    <system-err><![CDATA[Starting ChromeDriver 111.0.5563.64 (c710e93d5b63b7095afe8c2c17df34408078439d-refs/branch-heads/5563@{#995}) on port 14315
Only local connections are allowed.
Please see https://chromedriver.chromium.org/security-considerations for suggestions on keeping ChromeDriver safe.
ChromeDriver was started successfully.
Mar 25, 2023 2:33:11 PM org.openqa.selenium.devtools.CdpVersionFinder findNearestMatch
WARNING: Unable to find CDP implementation matching 111
Mar 25, 2023 2:33:11 PM org.openqa.selenium.chromium.ChromiumDriver lambda$new$3
WARNING: Unable to find version of CDP to use for . You may need to include a dependency on a specific version of the CDP using something similar to `org.seleniumhq.selenium:selenium-devtools-v86:4.5.3` where the version ("v86") matches the version of the chromium-based browser you're using and the version number of the artifact is the same as Selenium's.
]]></system-err>
  </testcase>
  <testcase name="Happy Path Login #2" classname="As an admin, user should be able to login and logout" time="3.801">
    <system-out><![CDATA[
Scenario Outline: Happy Path Login                             &amp#27;[90m# src/test/resources/features/UI_LoginLogout.feature:14&amp#27;[0m
  &amp#27;[32mWhen &amp#27;[0m&amp#27;[32mUser enters valid username and valid password&amp#27;[0m           &amp#27;[90m# com.test.openMRS.stepdefinitions.LoginTest.user_enters_valid_username_and_valid_password()&amp#27;[0m
  &amp#27;[32mAnd &amp#27;[0m&amp#27;[32mUser chooses location &amp#27;[0m&amp#27;[32m&amp#27;[1m'Isolation Ward'&amp#27;[0m                   &amp#27;[90m# com.test.openMRS.stepdefinitions.LoginTest.user_chooses_location(java.lang.String)&amp#27;[0m
  &amp#27;[32mAnd &amp#27;[0m&amp#27;[32mUser clicks the login button&amp#27;[0m                             &amp#27;[90m# com.test.openMRS.stepdefinitions.LoginTest.user_clicks_the_login_button()&amp#27;[0m
  &amp#27;[32mThen &amp#27;[0m&amp#27;[32mUser validates the header contains text &amp#27;[0m&amp#27;[32m&amp#27;[1m'admin'&amp#27;[0m         &amp#27;[90m# com.test.openMRS.stepdefinitions.LoginTest.user_validates_the_header_contains_text(java.lang.String)&amp#27;[0m
  &amp#27;[32mAnd &amp#27;[0m&amp#27;[32mUser validates the header contains text &amp#27;[0m&amp#27;[32m&amp#27;[1m'Isolation Ward'&amp#27;[0m &amp#27;[90m# com.test.openMRS.stepdefinitions.LoginTest.user_validates_the_header_contains_text(java.lang.String)&amp#27;[0m
  &amp#27;[32mAnd &amp#27;[0m&amp#27;[32mUser clicks logout&amp#27;[0m                                       &amp#27;[90m# com.test.openMRS.stepdefinitions.LoginTest.user_clicks_logout()&amp#27;[0m
]]></system-out>
    <system-err><![CDATA[Starting ChromeDriver 111.0.5563.64 (c710e93d5b63b7095afe8c2c17df34408078439d-refs/branch-heads/5563@{#995}) on port 43054
Only local connections are allowed.
Please see https://chromedriver.chromium.org/security-considerations for suggestions on keeping ChromeDriver safe.
ChromeDriver was started successfully.
Mar 25, 2023 2:33:15 PM org.openqa.selenium.devtools.CdpVersionFinder findNearestMatch
WARNING: Unable to find CDP implementation matching 111
Mar 25, 2023 2:33:15 PM org.openqa.selenium.chromium.ChromiumDriver lambda$new$3
WARNING: Unable to find version of CDP to use for . You may need to include a dependency on a specific version of the CDP using something similar to `org.seleniumhq.selenium:selenium-devtools-v86:4.5.3` where the version ("v86") matches the version of the chromium-based browser you're using and the version number of the artifact is the same as Selenium's.
]]></system-err>
  </testcase>
  <testcase name="Happy Path Login #3" classname="As an admin, user should be able to login and logout" time="4.151">
    <system-out><![CDATA[
Scenario Outline: Happy Path Login                         &amp#27;[90m# src/test/resources/features/UI_LoginLogout.feature:15&amp#27;[0m
  &amp#27;[32mWhen &amp#27;[0m&amp#27;[32mUser enters valid username and valid password&amp#27;[0m       &amp#27;[90m# com.test.openMRS.stepdefinitions.LoginTest.user_enters_valid_username_and_valid_password()&amp#27;[0m
  &amp#27;[32mAnd &amp#27;[0m&amp#27;[32mUser chooses location &amp#27;[0m&amp#27;[32m&amp#27;[1m'Laboratory'&amp#27;[0m                   &amp#27;[90m# com.test.openMRS.stepdefinitions.LoginTest.user_chooses_location(java.lang.String)&amp#27;[0m
  &amp#27;[32mAnd &amp#27;[0m&amp#27;[32mUser clicks the login button&amp#27;[0m                         &amp#27;[90m# com.test.openMRS.stepdefinitions.LoginTest.user_clicks_the_login_button()&amp#27;[0m
  &amp#27;[32mThen &amp#27;[0m&amp#27;[32mUser validates the header contains text &amp#27;[0m&amp#27;[32m&amp#27;[1m'admin'&amp#27;[0m     &amp#27;[90m# com.test.openMRS.stepdefinitions.LoginTest.user_validates_the_header_contains_text(java.lang.String)&amp#27;[0m
  &amp#27;[32mAnd &amp#27;[0m&amp#27;[32mUser validates the header contains text &amp#27;[0m&amp#27;[32m&amp#27;[1m'Laboratory'&amp#27;[0m &amp#27;[90m# com.test.openMRS.stepdefinitions.LoginTest.user_validates_the_header_contains_text(java.lang.String)&amp#27;[0m
  &amp#27;[32mAnd &amp#27;[0m&amp#27;[32mUser clicks logout&amp#27;[0m                                   &amp#27;[90m# com.test.openMRS.stepdefinitions.LoginTest.user_clicks_logout()&amp#27;[0m
]]></system-out>
    <system-err><![CDATA[Starting ChromeDriver 111.0.5563.64 (c710e93d5b63b7095afe8c2c17df34408078439d-refs/branch-heads/5563@{#995}) on port 7673
Only local connections are allowed.
Please see https://chromedriver.chromium.org/security-considerations for suggestions on keeping ChromeDriver safe.
ChromeDriver was started successfully.
Mar 25, 2023 2:33:18 PM org.openqa.selenium.devtools.CdpVersionFinder findNearestMatch
WARNING: Unable to find CDP implementation matching 111
Mar 25, 2023 2:33:18 PM org.openqa.selenium.chromium.ChromiumDriver lambda$new$3
WARNING: Unable to find version of CDP to use for . You may need to include a dependency on a specific version of the CDP using something similar to `org.seleniumhq.selenium:selenium-devtools-v86:4.5.3` where the version ("v86") matches the version of the chromium-based browser you're using and the version number of the artifact is the same as Selenium's.
]]></system-err>
  </testcase>
  <testcase name="Happy Path Login #4" classname="As an admin, user should be able to login and logout" time="3.576">
    <system-out><![CDATA[
Scenario Outline: Happy Path Login                                &amp#27;[90m# src/test/resources/features/UI_LoginLogout.feature:16&amp#27;[0m
  &amp#27;[32mWhen &amp#27;[0m&amp#27;[32mUser enters valid username and valid password&amp#27;[0m              &amp#27;[90m# com.test.openMRS.stepdefinitions.LoginTest.user_enters_valid_username_and_valid_password()&amp#27;[0m
  &amp#27;[32mAnd &amp#27;[0m&amp#27;[32mUser chooses location &amp#27;[0m&amp#27;[32m&amp#27;[1m'Outpatient Clinic'&amp#27;[0m                   &amp#27;[90m# com.test.openMRS.stepdefinitions.LoginTest.user_chooses_location(java.lang.String)&amp#27;[0m
  &amp#27;[32mAnd &amp#27;[0m&amp#27;[32mUser clicks the login button&amp#27;[0m                                &amp#27;[90m# com.test.openMRS.stepdefinitions.LoginTest.user_clicks_the_login_button()&amp#27;[0m
  &amp#27;[32mThen &amp#27;[0m&amp#27;[32mUser validates the header contains text &amp#27;[0m&amp#27;[32m&amp#27;[1m'admin'&amp#27;[0m            &amp#27;[90m# com.test.openMRS.stepdefinitions.LoginTest.user_validates_the_header_contains_text(java.lang.String)&amp#27;[0m
  &amp#27;[32mAnd &amp#27;[0m&amp#27;[32mUser validates the header contains text &amp#27;[0m&amp#27;[32m&amp#27;[1m'Outpatient Clinic'&amp#27;[0m &amp#27;[90m# com.test.openMRS.stepdefinitions.LoginTest.user_validates_the_header_contains_text(java.lang.String)&amp#27;[0m
  &amp#27;[32mAnd &amp#27;[0m&amp#27;[32mUser clicks logout&amp#27;[0m                                          &amp#27;[90m# com.test.openMRS.stepdefinitions.LoginTest.user_clicks_logout()&amp#27;[0m
]]></system-out>
    <system-err><![CDATA[Starting ChromeDriver 111.0.5563.64 (c710e93d5b63b7095afe8c2c17df34408078439d-refs/branch-heads/5563@{#995}) on port 26400
Only local connections are allowed.
Please see https://chromedriver.chromium.org/security-considerations for suggestions on keeping ChromeDriver safe.
ChromeDriver was started successfully.
Mar 25, 2023 2:33:23 PM org.openqa.selenium.devtools.CdpVersionFinder findNearestMatch
WARNING: Unable to find CDP implementation matching 111
Mar 25, 2023 2:33:23 PM org.openqa.selenium.chromium.ChromiumDriver lambda$new$3
WARNING: Unable to find version of CDP to use for . You may need to include a dependency on a specific version of the CDP using something similar to `org.seleniumhq.selenium:selenium-devtools-v86:4.5.3` where the version ("v86") matches the version of the chromium-based browser you're using and the version number of the artifact is the same as Selenium's.
]]></system-err>
  </testcase>
  <testcase name="Happy Path Login #5" classname="As an admin, user should be able to login and logout" time="3.865">
    <system-out><![CDATA[
Scenario Outline: Happy Path Login                       &amp#27;[90m# src/test/resources/features/UI_LoginLogout.feature:17&amp#27;[0m
  &amp#27;[32mWhen &amp#27;[0m&amp#27;[32mUser enters valid username and valid password&amp#27;[0m     &amp#27;[90m# com.test.openMRS.stepdefinitions.LoginTest.user_enters_valid_username_and_valid_password()&amp#27;[0m
  &amp#27;[32mAnd &amp#27;[0m&amp#27;[32mUser chooses location &amp#27;[0m&amp#27;[32m&amp#27;[1m'Pharmacy'&amp#27;[0m                   &amp#27;[90m# com.test.openMRS.stepdefinitions.LoginTest.user_chooses_location(java.lang.String)&amp#27;[0m
  &amp#27;[32mAnd &amp#27;[0m&amp#27;[32mUser clicks the login button&amp#27;[0m                       &amp#27;[90m# com.test.openMRS.stepdefinitions.LoginTest.user_clicks_the_login_button()&amp#27;[0m
  &amp#27;[32mThen &amp#27;[0m&amp#27;[32mUser validates the header contains text &amp#27;[0m&amp#27;[32m&amp#27;[1m'admin'&amp#27;[0m   &amp#27;[90m# com.test.openMRS.stepdefinitions.LoginTest.user_validates_the_header_contains_text(java.lang.String)&amp#27;[0m
  &amp#27;[32mAnd &amp#27;[0m&amp#27;[32mUser validates the header contains text &amp#27;[0m&amp#27;[32m&amp#27;[1m'Pharmacy'&amp#27;[0m &amp#27;[90m# com.test.openMRS.stepdefinitions.LoginTest.user_validates_the_header_contains_text(java.lang.String)&amp#27;[0m
  &amp#27;[32mAnd &amp#27;[0m&amp#27;[32mUser clicks logout&amp#27;[0m                                 &amp#27;[90m# com.test.openMRS.stepdefinitions.LoginTest.user_clicks_logout()&amp#27;[0m
]]></system-out>
    <system-err><![CDATA[Starting ChromeDriver 111.0.5563.64 (c710e93d5b63b7095afe8c2c17df34408078439d-refs/branch-heads/5563@{#995}) on port 26098
Only local connections are allowed.
Please see https://chromedriver.chromium.org/security-considerations for suggestions on keeping ChromeDriver safe.
ChromeDriver was started successfully.
Mar 25, 2023 2:33:26 PM org.openqa.selenium.devtools.CdpVersionFinder findNearestMatch
WARNING: Unable to find CDP implementation matching 111
Mar 25, 2023 2:33:26 PM org.openqa.selenium.chromium.ChromiumDriver lambda$new$3
WARNING: Unable to find version of CDP to use for . You may need to include a dependency on a specific version of the CDP using something similar to `org.seleniumhq.selenium:selenium-devtools-v86:4.5.3` where the version ("v86") matches the version of the chromium-based browser you're using and the version number of the artifact is the same as Selenium's.
]]></system-err>
  </testcase>
  <testcase name="Happy Path Login #6" classname="As an admin, user should be able to login and logout" time="3.213">
    <system-out><![CDATA[
Scenario Outline: Happy Path Login                                &amp#27;[90m# src/test/resources/features/UI_LoginLogout.feature:18&amp#27;[0m
  &amp#27;[32mWhen &amp#27;[0m&amp#27;[32mUser enters valid username and valid password&amp#27;[0m              &amp#27;[90m# com.test.openMRS.stepdefinitions.LoginTest.user_enters_valid_username_and_valid_password()&amp#27;[0m
  &amp#27;[32mAnd &amp#27;[0m&amp#27;[32mUser chooses location &amp#27;[0m&amp#27;[32m&amp#27;[1m'Registration Desk'&amp#27;[0m                   &amp#27;[90m# com.test.openMRS.stepdefinitions.LoginTest.user_chooses_location(java.lang.String)&amp#27;[0m
  &amp#27;[32mAnd &amp#27;[0m&amp#27;[32mUser clicks the login button&amp#27;[0m                                &amp#27;[90m# com.test.openMRS.stepdefinitions.LoginTest.user_clicks_the_login_button()&amp#27;[0m
  &amp#27;[32mThen &amp#27;[0m&amp#27;[32mUser validates the header contains text &amp#27;[0m&amp#27;[32m&amp#27;[1m'admin'&amp#27;[0m            &amp#27;[90m# com.test.openMRS.stepdefinitions.LoginTest.user_validates_the_header_contains_text(java.lang.String)&amp#27;[0m
  &amp#27;[32mAnd &amp#27;[0m&amp#27;[32mUser validates the header contains text &amp#27;[0m&amp#27;[32m&amp#27;[1m'Registration Desk'&amp#27;[0m &amp#27;[90m# com.test.openMRS.stepdefinitions.LoginTest.user_validates_the_header_contains_text(java.lang.String)&amp#27;[0m
  &amp#27;[32mAnd &amp#27;[0m&amp#27;[32mUser clicks logout&amp#27;[0m                                          &amp#27;[90m# com.test.openMRS.stepdefinitions.LoginTest.user_clicks_logout()&amp#27;[0m
]]></system-out>
    <system-err><![CDATA[Starting ChromeDriver 111.0.5563.64 (c710e93d5b63b7095afe8c2c17df34408078439d-refs/branch-heads/5563@{#995}) on port 35298
Only local connections are allowed.
Please see https://chromedriver.chromium.org/security-considerations for suggestions on keeping ChromeDriver safe.
ChromeDriver was started successfully.
Mar 25, 2023 2:33:30 PM org.openqa.selenium.devtools.CdpVersionFinder findNearestMatch
WARNING: Unable to find CDP implementation matching 111
Mar 25, 2023 2:33:30 PM org.openqa.selenium.chromium.ChromiumDriver lambda$new$3
WARNING: Unable to find version of CDP to use for . You may need to include a dependency on a specific version of the CDP using something similar to `org.seleniumhq.selenium:selenium-devtools-v86:4.5.3` where the version ("v86") matches the version of the chromium-based browser you're using and the version number of the artifact is the same as Selenium's.
]]></system-err>
  </testcase>
  <testcase name="User should not be able to login with invalid both username and password" classname="As an admin, user should be able to login and logout" time="0.007">
    <system-out><![CDATA[
Scenario: User should not be able to login with invalid both username and password &amp#27;[90m# src/test/resources/features/UI_LoginLogout.feature:32&amp#27;[0m
]]></system-out>
  </testcase>
  <testcase name="User should not be able to login with valid username but no password" classname="As an admin, user should be able to login and logout" time="0.008">
    <system-out><![CDATA[
Scenario: User should not be able to login with valid username but no password &amp#27;[90m# src/test/resources/features/UI_LoginLogout.feature:33&amp#27;[0m
]]></system-out>
  </testcase>
  <testcase name="User should not be able to login with no username but valid password" classname="As an admin, user should be able to login and logout" time="0.008">
    <system-out><![CDATA[
Scenario: User should not be able to login with no username but valid password &amp#27;[90m# src/test/resources/features/UI_LoginLogout.feature:34&amp#27;[0m
]]></system-out>
  </testcase>
  <testcase name="User should not be able to login with no both username and password" classname="As an admin, user should be able to login and logout" time="0.008">
    <system-out><![CDATA[
Scenario: User should not be able to login with no both username and password &amp#27;[90m# src/test/resources/features/UI_LoginLogout.feature:35&amp#27;[0m
]]></system-out>
  </testcase>
  <testcase name="Happy Path register a patient" classname="User can register a patient" time="7.661">
    <system-out><![CDATA[
Scenario: Happy Path register a patient                                                            &amp#27;[90m# src/test/resources/features/UI_RegisterPatient.feature:4&amp#27;[0m
  &amp#27;[32mWhen &amp#27;[0m&amp#27;[32mUser enters valid username and valid password&amp#27;[0m                                               &amp#27;[90m# com.test.openMRS.stepdefinitions.LoginTest.user_enters_valid_username_and_valid_password()&amp#27;[0m
  &amp#27;[32mAnd &amp#27;[0m&amp#27;[32mUser chooses location &amp#27;[0m&amp#27;[32m&amp#27;[1m'Inpatient Ward'&amp#27;[0m                                                       &amp#27;[90m# com.test.openMRS.stepdefinitions.LoginTest.user_chooses_location(java.lang.String)&amp#27;[0m
  &amp#27;[32mAnd &amp#27;[0m&amp#27;[32mUser clicks the login button&amp#27;[0m                                                                 &amp#27;[90m# com.test.openMRS.stepdefinitions.LoginTest.user_clicks_the_login_button()&amp#27;[0m
  &amp#27;[32mThen &amp#27;[0m&amp#27;[32mUser validates the header contains text &amp#27;[0m&amp#27;[32m&amp#27;[1m'admin'&amp#27;[0m                                             &amp#27;[90m# com.test.openMRS.stepdefinitions.LoginTest.user_validates_the_header_contains_text(java.lang.String)&amp#27;[0m
  &amp#27;[32mAnd &amp#27;[0m&amp#27;[32mUser validates the header contains word &amp#27;[0m&amp#27;[32m&amp#27;[1m'Inpatient Ward'&amp#27;[0m                                     &amp#27;[90m# com.test.openMRS.stepdefinitions.LoginTest.user_validates_the_header_contains_word(java.lang.String)&amp#27;[0m
  &amp#27;[32mWhen &amp#27;[0m&amp#27;[32mUser clicks Register a Patient and validates header contains text &amp#27;[0m&amp#27;[32m&amp#27;[1m'Register a patient'&amp#27;[0m      &amp#27;[90m# com.test.openMRS.stepdefinitions.RegisterAPatient.user_clicks_register_a_patient_and_validates_header_contains_text(java.lang.String)&amp#27;[0m
  &amp#27;[32mAnd &amp#27;[0m&amp#27;[32mUser enters name &amp#27;[0m&amp#27;[32m&amp#27;[1m'bobobo'&amp#27;[0m&amp#27;[32m and last name &amp#27;[0m&amp#27;[32m&amp#27;[1m'bebebe'&amp#27;[0m                                             &amp#27;[90m# com.test.openMRS.stepdefinitions.RegisterAPatient.user_enters_name_and_last_name(java.lang.String,java.lang.String)&amp#27;[0m
  &amp#27;[32mAnd &amp#27;[0m&amp#27;[32mUser enters the gender&amp#27;[0m                                                                       &amp#27;[90m# com.test.openMRS.stepdefinitions.RegisterAPatient.user_enters_the_gender()&amp#27;[0m
  &amp#27;[32mAnd &amp#27;[0m&amp#27;[32mUser enters birthdate &amp#27;[0m&amp#27;[32m&amp#27;[1m1&amp#27;[0m&amp#27;[32m, &amp#27;[0m&amp#27;[32m&amp#27;[1m'January'&amp#27;[0m&amp#27;[32m, &amp#27;[0m&amp#27;[32m&amp#27;[1m2000&amp#27;[0m                                                     &amp#27;[90m# com.test.openMRS.stepdefinitions.RegisterAPatient.user_enters_birthdate(java.lang.Integer,java.lang.String,java.lang.Integer)&amp#27;[0m
  &amp#27;[32mAnd &amp#27;[0m&amp#27;[32mUser enters address &amp#27;[0m&amp#27;[32m&amp#27;[1m2222&amp#27;[0m&amp#27;[32m &amp#27;[0m&amp#27;[32m&amp#27;[1m'Chicago AVE'&amp#27;[0m&amp#27;[32m, &amp#27;[0m&amp#27;[32m&amp#27;[1m'Chicago'&amp#27;[0m&amp#27;[32m, &amp#27;[0m&amp#27;[32m&amp#27;[1m'IL'&amp#27;[0m&amp#27;[32m, &amp#27;[0m&amp#27;[32m&amp#27;[1m'USA'&amp#27;[0m&amp#27;[32m,&amp#27;[0m&amp#27;[32m&amp#27;[1m60000&amp#27;[0m                         &amp#27;[90m# com.test.openMRS.stepdefinitions.RegisterAPatient.user_enters_address(java.lang.Integer,java.lang.String,java.lang.String,java.lang.String,java.lang.String,java.lang.Integer)&amp#27;[0m
  &amp#27;[32mAnd &amp#27;[0m&amp#27;[32mUser enters phone number &amp#27;[0m&amp#27;[32m&amp#27;[1m'7777777777'&amp#27;[0m&amp#27;[32m and click confirm two times&amp#27;[0m                            &amp#27;[90m# com.test.openMRS.stepdefinitions.RegisterAPatient.user_enters_phone_number_and_click_confirm_two_times(java.lang.String)&amp#27;[0m
  &amp#27;[32mThen &amp#27;[0m&amp#27;[32mUser validate the title &amp#27;[0m&amp#27;[32m&amp#27;[1m'OpenMRS Electronic Medical Record'&amp#27;[0m                                 &amp#27;[90m# com.test.openMRS.stepdefinitions.RegisterAPatient.user_validate_the_title(java.lang.String)&amp#27;[0m
  &amp#27;[32mAnd &amp#27;[0m&amp#27;[32mUser clicks home button and clicks Find Patient Record&amp#27;[0m                                       &amp#27;[90m# com.test.openMRS.stepdefinitions.RegisterAPatient.user_clicks_home_button_and_clicks_find_patient_record()&amp#27;[0m
  &amp#27;[32mAnd &amp#27;[0m&amp#27;[32mUser validates the generated userID is displayed&amp#27;[0m                                             &amp#27;[90m# com.test.openMRS.stepdefinitions.RegisterAPatient.user_validates_the_generated_user_id_is_displayed()&amp#27;[0m
  &amp#27;[32mAnd &amp#27;[0m&amp#27;[32mUser clicks the patient link then clicks delete, gives the reason &amp#27;[0m&amp#27;[32m&amp#27;[1m'test'&amp#27;[0m&amp#27;[32m, and clicks confirm&amp#27;[0m &amp#27;[90m# com.test.openMRS.stepdefinitions.RegisterAPatient.user_clicks_the_patient_link_then_clicks_delete_gives_the_reason_and_clicks_confirm(java.lang.String)&amp#27;[0m
]]></system-out>
    <system-err><![CDATA[Starting ChromeDriver 111.0.5563.64 (c710e93d5b63b7095afe8c2c17df34408078439d-refs/branch-heads/5563@{#995}) on port 36294
Only local connections are allowed.
Please see https://chromedriver.chromium.org/security-considerations for suggestions on keeping ChromeDriver safe.
ChromeDriver was started successfully.
Mar 25, 2023 2:33:33 PM org.openqa.selenium.devtools.CdpVersionFinder findNearestMatch
WARNING: Unable to find CDP implementation matching 111
Mar 25, 2023 2:33:33 PM org.openqa.selenium.chromium.ChromiumDriver lambda$new$3
WARNING: Unable to find version of CDP to use for . You may need to include a dependency on a specific version of the CDP using something similar to `org.seleniumhq.selenium:selenium-devtools-v86:4.5.3` where the version ("v86") matches the version of the chromium-based browser you're using and the version number of the artifact is the same as Selenium's.
]]></system-err>
  </testcase>
  <testcase name="test with jenkins" classname="User can register a patient" time="1.711">
    <system-out><![CDATA[
@smoke
Scenario: test with jenkins &amp#27;[90m# src/test/resources/features/UI_RegisterPatient.feature:22&amp#27;[0m
Hello World
  &amp#27;[32mThen &amp#27;[0m&amp#27;[32mI print something&amp#27;[0m    &amp#27;[90m# com.test.openMRS.stepdefinitions.MyJenkinsTest.i_print_something()&amp#27;[0m
]]></system-out>
    <system-err><![CDATA[Starting ChromeDriver 111.0.5563.64 (c710e93d5b63b7095afe8c2c17df34408078439d-refs/branch-heads/5563@{#995}) on port 12206
Only local connections are allowed.
Please see https://chromedriver.chromium.org/security-considerations for suggestions on keeping ChromeDriver safe.
ChromeDriver was started successfully.
Mar 25, 2023 2:33:41 PM org.openqa.selenium.devtools.CdpVersionFinder findNearestMatch
WARNING: Unable to find CDP implementation matching 111
Mar 25, 2023 2:33:41 PM org.openqa.selenium.chromium.ChromiumDriver lambda$new$3
WARNING: Unable to find version of CDP to use for . You may need to include a dependency on a specific version of the CDP using something similar to `org.seleniumhq.selenium:selenium-devtools-v86:4.5.3` where the version ("v86") matches the version of the chromium-based browser you're using and the version number of the artifact is the same as Selenium's.
]]></system-err>
  </testcase>
</testsuite>